<?xml version="1.0" encoding="UTF-8"?>
<!-- Generated by org.testng.reporters.JUnitReportReporter -->
<testsuite skipped="0" hostname="DESKTOP-3TQ7SBN" name="friends_Different_Class.TC_0SUHAS" tests="1" failures="0" timestamp="2021-12-21T15:39:19 IST" time="22.599" errors="0">
  <testcase name="dosth" time="22.599" classname="friends_Different_Class.TC_0SUHAS"/>
  <system-out>
Lead in the class  </system-out>
</testsuite> <!-- friends_Different_Class.TC_0SUHAS -->
