<?xml version="1.0" encoding="UTF-8"?>
<!-- Generated by org.testng.reporters.JUnitReportReporter -->
<testsuite skipped="0" hostname="DESKTOP-3TQ7SBN" name="friends_Different_Class.TC_0VISHU" tests="1" failures="0" timestamp="2021-12-21T15:39:19 IST" time="23.161" errors="0">
  <testcase name="handsum_Hunk" time="23.161" classname="friends_Different_Class.TC_0VISHU"/>
  <system-out>
He is the Handsome in the class  </system-out>
</testsuite> <!-- friends_Different_Class.TC_0VISHU -->
