<?xml version="1.0" encoding="UTF-8"?>
<!-- Generated by org.testng.reporters.JUnitReportReporter -->
<testsuite skipped="0" hostname="DESKTOP-3TQ7SBN" name="friends_Different_Class.TC_0ABHI" tests="1" failures="0" timestamp="2021-12-21T15:36:36 IST" time="22.132" errors="0">
  <testcase name="darling" time="22.132" classname="friends_Different_Class.TC_0ABHI"/>
  <system-out>
My darling in TY  </system-out>
</testsuite> <!-- friends_Different_Class.TC_0ABHI -->
