<?xml version="1.0" encoding="UTF-8"?>
<!-- Generated by org.testng.reporters.JUnitReportReporter -->
<testsuite skipped="0" hostname="DESKTOP-3TQ7SBN" name="testSCript.TestMainClass" tests="1" failures="0" timestamp="2021-12-23T09:47:02 IST" time="8.774" errors="0">
  <testcase name="invoiceNija" time="8.774" classname="testSCript.TestMainClass"/>
  <system-out/>
</testsuite> <!-- testSCript.TestMainClass -->
