<?xml version="1.0" encoding="UTF-8"?>
<!-- Generated by org.testng.reporters.JUnitReportReporter -->
<testsuite skipped="0" hostname="DESKTOP-3TQ7SBN" name="friends_Different_Class.TC_0GIRI" tests="1" failures="0" timestamp="2021-12-21T15:39:19 IST" time="19.729" errors="0">
  <testcase name="lover" time="19.729" classname="friends_Different_Class.TC_0GIRI"/>
  <system-out>
Beauty Queen  </system-out>
</testsuite> <!-- friends_Different_Class.TC_0GIRI -->
