<?xml version="1.0" encoding="UTF-8"?>
<!-- Generated by org.testng.reporters.JUnitReportReporter -->
<testsuite skipped="0" hostname="DESKTOP-3TQ7SBN" name="vtiger.HomePageActions" tests="1" failures="0" timestamp="2021-12-24T00:29:56 IST" time="19.103" errors="0">
  <testcase name="HomePage" time="19.103" classname="vtiger.HomePageActions"/>
  <system-out/>
</testsuite> <!-- vtiger.HomePageActions -->
