<?xml version="1.0" encoding="UTF-8"?>
<!-- Generated by org.testng.reporters.JUnitReportReporter -->
<testsuite skipped="0" hostname="DESKTOP-3TQ7SBN" name="testNGProject.TC_023" tests="4" failures="0" timestamp="2021-12-18T11:07:40 IST" time="0.023" errors="0">
  <testcase name="crush_Account" time="0.012" classname="testNGProject.TC_023"/>
  <system-out>
GIRI ur not accepted my propose  </system-out>
  <testcase name="Creat_Visu" time="0.003" classname="testNGProject.TC_023"/>
  <system-out>
VISHU  </system-out>
  <testcase name="modified_Account" time="0.003" classname="testNGProject.TC_023"/>
  <system-out>
VISHU,SUHAS,ABHI  </system-out>
  <testcase name="upadte_Account" time="0.005" classname="testNGProject.TC_023"/>
  <system-out>
VISHU,SUHAS,ABHI,GIRI,VASU  </system-out>
</testsuite> <!-- testNGProject.TC_023 -->
