<?xml version="1.0" encoding="UTF-8"?>
<!-- Generated by org.testng.reporters.JUnitReportReporter -->
<testsuite skipped="0" hostname="DESKTOP-3TQ7SBN" name="vtiger_TC_001_NavigateToLeadPage.HomePageActions" tests="1" failures="0" timestamp="2021-12-24T22:27:58 IST" time="20.702" errors="0">
  <testcase name="HomePage" time="20.702" classname="vtiger_TC_001_NavigateToLeadPage.HomePageActions"/>
  <system-out/>
</testsuite> <!-- vtiger_TC_001_NavigateToLeadPage.HomePageActions -->
