<?xml version="1.0" encoding="UTF-8"?>
<!-- Generated by org.testng.reporters.JUnitReportReporter -->
<testsuite skipped="0" hostname="DESKTOP-3TQ7SBN" name="vitiger_TC_003_creatNewLeadByfillAllTheMandatoryFieldsAndSave.TC_004_createActions" tests="1" failures="0" timestamp="2021-12-24T23:12:22 IST" time="16.240" errors="0">
  <testcase name="create" time="16.240" classname="vitiger_TC_003_creatNewLeadByfillAllTheMandatoryFieldsAndSave.TC_004_createActions"/>
  <system-out/>
</testsuite> <!-- vitiger_TC_003_creatNewLeadByfillAllTheMandatoryFieldsAndSave.TC_004_createActions -->
