<?xml version="1.0" encoding="UTF-8"?>
<!-- Generated by org.testng.reporters.JUnitReportReporter -->
<testsuite skipped="0" hostname="DESKTOP-3TQ7SBN" name="vtiger_TestCases.TC_014" tests="1" failures="0" timestamp="2021-12-29T16:50:06 IST" time="26.571" errors="0">
  <testcase name="creatNewLeadByGivingInvalidInputToNoOfEmployee" time="26.571" classname="vtiger_TestCases.TC_014"/>
  <system-out>
CreatNewLead page is displaying Invalid No Of Employees  </system-out>
</testsuite> <!-- vtiger_TestCases.TC_014 -->
