<?xml version="1.0" encoding="UTF-8"?>
<!-- Generated by org.testng.reporters.JUnitReportReporter -->
<testsuite skipped="0" hostname="DESKTOP-3TQ7SBN" name="vtiger_TestCases.TC_012" tests="1" failures="0" timestamp="2021-12-29T16:46:36 IST" time="17.113" errors="0">
  <testcase name="creatNewLeadByGivingInvalidInputToAnnualRevenue" time="17.113" classname="vtiger_TestCases.TC_012"/>
  <system-out>
CreatNewLead page is displaying Invalid Annual Revenue  </system-out>
</testsuite> <!-- vtiger_TestCases.TC_012 -->
