<?xml version="1.0" encoding="UTF-8"?>
<!-- Generated by org.testng.reporters.JUnitReportReporter -->
<testsuite skipped="0" hostname="DESKTOP-3TQ7SBN" name="friends_Different_Class.TC_0SUMANTH" tests="1" failures="0" timestamp="2021-12-21T15:36:36 IST" time="26.200" errors="0">
  <testcase name="darling" time="26.200" classname="friends_Different_Class.TC_0SUMANTH"/>
  <system-out>
My Sir  </system-out>
</testsuite> <!-- friends_Different_Class.TC_0SUMANTH -->
