<?xml version="1.0" encoding="UTF-8"?>
<!-- Generated by org.testng.reporters.JUnitReportReporter -->
<testsuite skipped="0" hostname="DESKTOP-3TQ7SBN" name="vtiger_TestCases.TC_007" tests="1" failures="0" timestamp="2021-12-27T13:36:50 IST" time="39.162" errors="0">
  <testcase name="industryDrop" time="39.162" classname="vtiger_TestCases.TC_007"/>
  <system-out/>
</testsuite> <!-- vtiger_TestCases.TC_007 -->
