<?xml version="1.0" encoding="UTF-8"?>
<!-- Generated by org.testng.reporters.JUnitReportReporter -->
<testsuite skipped="0" hostname="DESKTOP-3TQ7SBN" name="vtiger_TC_002_creatNewLeadbByfillAllTheFieldsAndSave.CreateeadPageActions" tests="1" failures="0" timestamp="2021-12-24T22:29:34 IST" time="21.946" errors="0">
  <testcase name="creat" time="21.946" classname="vtiger_TC_002_creatNewLeadbByfillAllTheFieldsAndSave.CreateeadPageActions"/>
  <system-out/>
</testsuite> <!-- vtiger_TC_002_creatNewLeadbByfillAllTheFieldsAndSave.CreateeadPageActions -->
