<?xml version="1.0" encoding="UTF-8"?>
<!-- Generated by org.testng.reporters.JUnitReportReporter -->
<testsuite skipped="0" hostname="DESKTOP-3TQ7SBN" name="vtiger_TestCases.TC_006" tests="1" failures="0" timestamp="2021-12-29T14:51:56 IST" time="17.151" errors="0">
  <testcase name="createNewLeadBySelectingDifferrentLeadSourceFromDropDown" time="17.151" classname="vtiger_TestCases.TC_006"/>
  <system-out>
CreatNewLead page is displaying new lead is created and unique lead no is generated   </system-out>
</testsuite> <!-- vtiger_TestCases.TC_006 -->
