<?xml version="1.0" encoding="UTF-8"?>
<!-- Generated by org.testng.reporters.JUnitReportReporter -->
<testsuite skipped="0" hostname="DESKTOP-3TQ7SBN" name="vtiger_TestCases.TC_004" tests="1" failures="0" timestamp="2021-12-29T14:47:36 IST" time="12.840" errors="0">
  <testcase name="creatNewLeadBykeepAllTheFieldsBlankAndSave" time="12.840" classname="vtiger_TestCases.TC_004"/>
  <system-out>
CreatNewLead page is displaying Last Name cannot be empty  </system-out>
</testsuite> <!-- vtiger_TestCases.TC_004 -->
