<?xml version="1.0" encoding="UTF-8"?>
<!-- Generated by org.testng.reporters.JUnitReportReporter -->
<testsuite skipped="0" hostname="DESKTOP-3TQ7SBN" name="vtiger_TestCases.TC_003" tests="1" failures="0" timestamp="2021-12-28T23:51:28 IST" time="17.245" errors="0">
  <testcase name="creatNewLeadByfillAllTheMandatoryFieldsAndSave" time="17.245" classname="vtiger_TestCases.TC_003"/>
  <system-out>
CreatNewLead page is displaying new lead is created and unique lead no is generated   </system-out>
</testsuite> <!-- vtiger_TestCases.TC_003 -->
