<?xml version="1.0" encoding="UTF-8"?>
<!-- Generated by org.testng.reporters.JUnitReportReporter -->
<testsuite skipped="0" hostname="DESKTOP-3TQ7SBN" name="vtiger_TestCases.TC_020" tests="1" failures="0" timestamp="2021-12-27T13:36:51 IST" time="24.664" errors="0">
  <testcase name="fillAndCancel" time="24.664" classname="vtiger_TestCases.TC_020"/>
  <system-out/>
</testsuite> <!-- vtiger_TestCases.TC_020 -->
